




Invali的
1. Experiment with level-5, from 3900 from development set
top-1
        verb            0.08%
        value           0.01%
        value-all       0.00%
top-5
        verb            0.95%
        value           0.03%
        value-all       0.00%
gold verbs
        value           4.51%
        value-all       0.00%
summary
        mean            0.70%

2. Experiment with level-4, from 3900 from development set
top-1
        verb            0.15%
        value           0.01%
        value-all       0.00%
top-5
        verb            0.82%
        value           0.09%
        value-all       0.00%
gold verbs
        value           4.91%
        value-all       0.18%
summary
        mean            0.77%

3. Experiment with level-3, from 3900 from development set
top-1
        verb            0.18%
        value           0.00%
        value-all       0.00%
top-5
        verb            0.90%
        value           0.00%
        value-all       0.00%
gold verbs
        value           5.11%
        value-all       0.05%
summary
        mean            0.78%

4. Experiment with level-2, from 3900 from development set
top-1
        verb            0.15%
        value           0.00%
        value-all       0.00%
top-5
        verb            1.00%
        value           0.04%
        value-all       0.00%
gold verbs
        value           5.48%
        value-all       0.08%
summary
        mean            0.84%

5. Experiment with level-1, from 3900 from development set
top-1
        verb            0.31%
        value           0.02%
        value-all       0.00%
top-5
        verb            1.08%
        value           0.04%
        value-all       0.00%
gold verbs
        value           5.25%
        value-all       0.05%
summary
        mean            0.84%
